2026-07-06 20:24:22  INFO     ======================================================================
2026-07-06 20:24:22  INFO     EXPERIMENT 1 | servers=10 | per_server_qps=25 | workers=15
2026-07-06 20:24:22  INFO     loads=[0.75, 0.83, 0.93, 1.03, 1.14, 1.27, 1.41, 1.57, 1.74] | step=240s | bin=5s | total~72.0 min | output=/users/Mr_Gary/experiment1_scaling_results/servers_10/run_20260706_202422
2026-07-06 20:24:22  INFO     ======================================================================
2026-07-06 20:24:23  INFO     Configuring both LBs to first 10 healthy backends...
2026-07-06 20:24:37  INFO     Warming up both policies (15s each)...
2026-07-06 20:25:08  INFO     Starting host CPU sampler for ['bhost1', 'bhost2', 'bhost3', 'bhost4', 'bhost5', 'bhost6', 'bhost7', 'bhost8', 'bhost9', 'bhost10'] every 5s...
2026-07-06 20:25:08  INFO     [1/18] wrr load=75% target=188 qps workers=15 duration=240s
2026-07-06 20:29:09  INFO         wrr p50=37900 p90=50900 p99=89500 p99.9=102600 usec (2xx only) | err=0.00% | err_qps=0.00
2026-07-06 20:29:09  INFO     [2/18] prequal load=75% target=188 qps workers=15 duration=240s
2026-07-06 20:33:11  INFO         prequal p50=11900 p90=15700 p99=55100 p99.9=93800 usec (2xx only) | err=0.00% | err_qps=0.00
2026-07-06 20:33:11  INFO     [3/18] wrr load=83% target=208 qps workers=15 duration=240s
2026-07-06 20:37:13  INFO         wrr p50=14100 p90=51400 p99=88900 p99.9=101800 usec (2xx only) | err=0.00% | err_qps=0.00
2026-07-06 20:37:13  INFO     [4/18] prequal load=83% target=208 qps workers=15 duration=240s
2026-07-06 20:41:15  INFO         prequal p50=11900 p90=15700 p99=55500 p99.9=93000 usec (2xx only) | err=0.00% | err_qps=0.00
2026-07-06 20:41:15  INFO     [5/18] wrr load=93% target=232 qps workers=15 duration=240s
2026-07-06 20:45:18  INFO         wrr p50=37300 p90=53400 p99=89400 p99.9=107700 usec (2xx only) | err=0.00% | err_qps=0.00
2026-07-06 20:45:18  INFO     [6/18] prequal load=93% target=232 qps workers=15 duration=240s
2026-07-06 20:49:20  INFO         prequal p50=11900 p90=16100 p99=58900 p99.9=94400 usec (2xx only) | err=0.00% | err_qps=0.00
2026-07-06 20:49:20  INFO     [7/18] wrr load=103% target=258 qps workers=15 duration=240s
2026-07-06 20:53:22  INFO         wrr p50=37900 p90=56800 p99=90000 p99.9=113400 usec (2xx only) | err=0.00% | err_qps=0.01
2026-07-06 20:53:22  INFO     [8/18] prequal load=103% target=258 qps workers=15 duration=240s
2026-07-06 20:57:25  INFO         prequal p50=11900 p90=15900 p99=58100 p99.9=94800 usec (2xx only) | err=0.00% | err_qps=0.00
2026-07-06 20:57:25  INFO     [9/18] wrr load=114% target=285 qps workers=15 duration=240s
2026-07-06 21:01:27  INFO         wrr p50=38000 p90=60300 p99=91500 p99.9=118700 usec (2xx only) | err=0.00% | err_qps=0.00
2026-07-06 21:01:27  INFO     [10/18] prequal load=114% target=285 qps workers=15 duration=240s
2026-07-06 21:05:30  INFO         prequal p50=11900 p90=15700 p99=54800 p99.9=93700 usec (2xx only) | err=0.00% | err_qps=0.00
2026-07-06 21:05:30  INFO     [11/18] wrr load=127% target=318 qps workers=15 duration=240s
2026-07-06 21:09:33  INFO         wrr p50=37400 p90=64400 p99=93300 p99.9=122300 usec (2xx only) | err=0.01% | err_qps=0.02
2026-07-06 21:09:33  INFO     [12/18] prequal load=127% target=318 qps workers=15 duration=240s
2026-07-06 21:13:36  INFO         prequal p50=11800 p90=14700 p99=50200 p99.9=88900 usec (2xx only) | err=0.00% | err_qps=0.00
2026-07-06 21:13:36  INFO     [13/18] wrr load=141% target=352 qps workers=15 duration=240s
2026-07-06 21:17:39  INFO         wrr p50=14200 p90=63800 p99=96800 p99.9=122800 usec (2xx only) | err=0.03% | err_qps=0.09
2026-07-06 21:17:39  INFO     [14/18] prequal load=141% target=352 qps workers=15 duration=240s
2026-07-06 21:21:43  INFO         prequal p50=11800 p90=14500 p99=16400 p99.9=43500 usec (2xx only) | err=0.00% | err_qps=0.00
2026-07-06 21:21:43  INFO     [15/18] wrr load=157% target=392 qps workers=15 duration=240s
2026-07-06 21:25:46  INFO         wrr p50=12600 p90=66400 p99=100600 p99.9=123500 usec (2xx only) | err=0.03% | err_qps=0.10
2026-07-06 21:25:46  INFO     [16/18] prequal load=157% target=392 qps workers=15 duration=240s
2026-07-06 21:29:50  INFO         prequal p50=12100 p90=14900 p99=16700 p99.9=17800 usec (2xx only) | err=0.00% | err_qps=0.00
2026-07-06 21:29:50  INFO     [17/18] wrr load=174% target=435 qps workers=15 duration=240s
2026-07-06 21:33:54  INFO         wrr p50=12100 p90=63300 p99=96300 p99.9=120900 usec (2xx only) | err=0.02% | err_qps=0.08
2026-07-06 21:33:54  INFO     [18/18] prequal load=174% target=435 qps workers=15 duration=240s
2026-07-06 21:37:58  INFO         prequal p50=12100 p90=14900 p99=16700 p99.9=17900 usec (2xx only) | err=0.00% | err_qps=0.00
2026-07-06 21:38:03  INFO     plot -> /users/Mr_Gary/experiment1_scaling_results/servers_10/run_20260706_202422/experiment1_latency_errors_cpu.png
2026-07-06 21:38:03  INFO     ======================================================================
2026-07-06 21:38:03  INFO     EXPERIMENT 1 DONE. Everything is under: /users/Mr_Gary/experiment1_scaling_results/servers_10/run_20260706_202422
2026-07-06 21:38:03  INFO     ======================================================================
