2026-07-08 12:56:10  INFO     ======================================================================
2026-07-08 12:56:10  INFO     EXPERIMENT 3 | RIF-limit sweep | servers=20 | load=0.75x | target=1125 qps
2026-07-08 12:56:10  INFO     qrifs=['0', '.35', '.39', '.43', '.48', '.53', '.59', '.66', '.73', '.81', '.90', '.99', '.999', '1.0'] | probe_rate=3 | step=240s | warmup=15s | output=/users/Mr_Gary/experiment3_results/run_20260708_125610
2026-07-08 12:56:10  INFO     QRIF=0 is passed through exactly as RIF-only control.
2026-07-08 12:56:10  INFO     ======================================================================
2026-07-08 12:56:11  INFO     Starting host CPU sampler for ['bhost1', 'bhost2', 'bhost3', 'bhost4', 'bhost5', 'bhost6', 'bhost7', 'bhost8', 'bhost9', 'bhost10', 'bhost11', 'bhost12', 'bhost13', 'bhost14', 'bhost15', 'bhost16', 'bhost17', 'bhost18', 'bhost19', 'bhost20'] every 5s...
2026-07-08 12:56:11  INFO     [1/14] QRIF=0 runtime=0
2026-07-08 12:56:21  INFO         warming up 15s at target=1125 qps ...
2026-07-08 12:56:36  INFO         measuring target=1125 qps workers=120 duration=240s
2026-07-08 13:00:47  INFO         p90=93500 p99=136200 usec (2xx only) | err=0.181% | err_qps=2.038
2026-07-08 13:00:47  INFO     [2/14] QRIF=.35 runtime=0.35
2026-07-08 13:00:56  INFO         warming up 15s at target=1125 qps ...
2026-07-08 13:01:11  INFO         measuring target=1125 qps workers=120 duration=240s
2026-07-08 13:05:22  INFO         p90=93500 p99=136500 usec (2xx only) | err=0.171% | err_qps=1.929
2026-07-08 13:05:22  INFO     [3/14] QRIF=.39 runtime=0.39
2026-07-08 13:05:31  INFO         warming up 15s at target=1125 qps ...
2026-07-08 13:05:46  INFO         measuring target=1125 qps workers=120 duration=240s
2026-07-08 13:09:57  INFO         p90=93700 p99=136700 usec (2xx only) | err=0.183% | err_qps=2.062
2026-07-08 13:09:57  INFO     [4/14] QRIF=.43 runtime=0.43
2026-07-08 13:10:07  INFO         warming up 15s at target=1125 qps ...
2026-07-08 13:10:22  INFO         measuring target=1125 qps workers=120 duration=240s
2026-07-08 13:14:32  INFO         p90=93600 p99=136200 usec (2xx only) | err=0.198% | err_qps=2.225
2026-07-08 13:14:32  INFO     [5/14] QRIF=.48 runtime=0.48
2026-07-08 13:14:42  INFO         warming up 15s at target=1125 qps ...
2026-07-08 13:14:57  INFO         measuring target=1125 qps workers=120 duration=240s
2026-07-08 13:19:08  INFO         p90=93600 p99=136700 usec (2xx only) | err=0.198% | err_qps=2.225
2026-07-08 13:19:08  INFO     [6/14] QRIF=.53 runtime=0.53
2026-07-08 13:19:17  INFO         warming up 15s at target=1125 qps ...
2026-07-08 13:19:32  INFO         measuring target=1125 qps workers=120 duration=240s
2026-07-08 13:23:43  INFO         p90=93600 p99=136800 usec (2xx only) | err=0.190% | err_qps=2.133
2026-07-08 13:23:43  INFO     [7/14] QRIF=.59 runtime=0.59
2026-07-08 13:23:52  INFO         warming up 15s at target=1125 qps ...
2026-07-08 13:24:07  INFO         measuring target=1125 qps workers=120 duration=240s
2026-07-08 13:28:18  INFO         p90=93500 p99=136400 usec (2xx only) | err=0.149% | err_qps=1.671
2026-07-08 13:28:18  INFO     [8/14] QRIF=.66 runtime=0.66
2026-07-08 13:28:27  INFO         warming up 15s at target=1125 qps ...
2026-07-08 13:28:42  INFO         measuring target=1125 qps workers=120 duration=240s
2026-07-08 13:32:53  INFO         p90=93600 p99=136000 usec (2xx only) | err=0.146% | err_qps=1.646
2026-07-08 13:32:53  INFO     [9/14] QRIF=.73 runtime=0.73
2026-07-08 13:33:03  INFO         warming up 15s at target=1125 qps ...
2026-07-08 13:33:18  INFO         measuring target=1125 qps workers=120 duration=240s
2026-07-08 13:37:28  INFO         p90=93800 p99=136700 usec (2xx only) | err=0.165% | err_qps=1.858
2026-07-08 13:37:28  INFO     [10/14] QRIF=.81 runtime=0.81
2026-07-08 13:37:38  INFO         warming up 15s at target=1125 qps ...
2026-07-08 13:37:53  INFO         measuring target=1125 qps workers=120 duration=240s
2026-07-08 13:42:04  INFO         p90=93500 p99=136100 usec (2xx only) | err=0.173% | err_qps=1.942
2026-07-08 13:42:04  INFO     [11/14] QRIF=.90 runtime=0.9
2026-07-08 13:42:13  INFO         warming up 15s at target=1125 qps ...
2026-07-08 13:42:28  INFO         measuring target=1125 qps workers=120 duration=240s
2026-07-08 13:46:39  INFO         p90=93300 p99=136100 usec (2xx only) | err=0.171% | err_qps=1.929
2026-07-08 13:46:39  INFO     [12/14] QRIF=.99 runtime=0.99
2026-07-08 13:46:49  INFO         warming up 15s at target=1125 qps ...
2026-07-08 13:47:04  INFO         measuring target=1125 qps workers=120 duration=240s
2026-07-08 13:51:15  INFO         p90=93600 p99=136900 usec (2xx only) | err=0.184% | err_qps=2.067
2026-07-08 13:51:15  INFO     [13/14] QRIF=.999 runtime=0.999
2026-07-08 13:51:24  INFO         warming up 15s at target=1125 qps ...
2026-07-08 13:51:39  INFO         measuring target=1125 qps workers=120 duration=240s
2026-07-08 13:55:50  INFO         p90=93400 p99=136400 usec (2xx only) | err=0.156% | err_qps=1.750
2026-07-08 13:55:50  INFO     [14/14] QRIF=1.0 runtime=1
2026-07-08 13:55:59  INFO         warming up 15s at target=1125 qps ...
2026-07-08 13:56:15  INFO         measuring target=1125 qps workers=120 duration=240s
2026-07-08 14:00:26  INFO         p90=93200 p99=136200 usec (2xx only) | err=0.183% | err_qps=2.058
2026-07-08 14:00:26  INFO     Restoring lb-prequal LB_QRIF=0.84 LB_PROBE_RATE=3.0
2026-07-08 14:00:34  INFO     plot -> /users/Mr_Gary/experiment3_results/run_20260708_125610/experiment3_rif_limit.png
2026-07-08 14:00:34  INFO     ======================================================================
2026-07-08 14:00:34  INFO     EXPERIMENT 3 DONE. Everything is under: /users/Mr_Gary/experiment3_results/run_20260708_125610
2026-07-08 14:00:34  INFO     ======================================================================
