2026-07-06 08:55:57  INFO     ======================================================================
2026-07-06 08:55:57  INFO     EXPERIMENT 3 | RIF-limit sweep | servers=20 | load=0.75x | target=375 qps
2026-07-06 08:55:57  INFO     qrifs=['0', '.35', '.39', '.43', '.48', '.53', '.59', '.66', '.73', '.81', '.90', '.99', '.999', '1.0'] | probe_rate=2 | step=240s | warmup=15s | output=/users/Mr_Gary/experiment3_results/run_20260706_085557
2026-07-06 08:55:57  INFO     QRIF=0 is run as 1.0e-09 because this LB treats exact zero as default.
2026-07-06 08:55:57  INFO     ======================================================================
2026-07-06 08:55:58  INFO     Starting host CPU sampler for ['bhost1', 'bhost2', 'bhost3', 'bhost4', 'bhost5', 'bhost6', 'bhost7', 'bhost8', 'bhost9', 'bhost10', 'bhost11', 'bhost12', 'bhost13', 'bhost14', 'bhost15', 'bhost16', 'bhost17', 'bhost18', 'bhost19', 'bhost20'] every 5s...
2026-07-06 08:55:58  INFO     [1/14] QRIF=0 runtime=1e-09
2026-07-06 08:56:07  INFO         warming up 15s at target=375 qps ...
2026-07-06 08:56:22  INFO         measuring target=375 qps workers=30 duration=240s
2026-07-06 09:00:25  INFO         p90=52500 p99=90700 usec (2xx only) | err=0.000% | err_qps=0.000
2026-07-06 09:00:25  INFO     [2/14] QRIF=.35 runtime=0.35
2026-07-06 09:00:34  INFO         warming up 15s at target=375 qps ...
2026-07-06 09:00:50  INFO         measuring target=375 qps workers=30 duration=240s
2026-07-06 09:04:53  INFO         p90=52700 p99=90100 usec (2xx only) | err=0.001% | err_qps=0.004
2026-07-06 09:04:53  INFO     [3/14] QRIF=.39 runtime=0.39
2026-07-06 09:05:02  INFO         warming up 15s at target=375 qps ...
2026-07-06 09:05:17  INFO         measuring target=375 qps workers=30 duration=240s
2026-07-06 09:09:21  INFO         p90=52100 p99=90000 usec (2xx only) | err=0.000% | err_qps=0.000
2026-07-06 09:09:21  INFO     [4/14] QRIF=.43 runtime=0.43
2026-07-06 09:09:30  INFO         warming up 15s at target=375 qps ...
2026-07-06 09:09:45  INFO         measuring target=375 qps workers=30 duration=240s
2026-07-06 09:13:49  INFO         p90=52300 p99=89700 usec (2xx only) | err=0.000% | err_qps=0.000
2026-07-06 09:13:49  INFO     [5/14] QRIF=.48 runtime=0.48
2026-07-06 09:13:58  INFO         warming up 15s at target=375 qps ...
2026-07-06 09:14:13  INFO         measuring target=375 qps workers=30 duration=240s
2026-07-06 09:18:17  INFO         p90=52200 p99=89800 usec (2xx only) | err=0.000% | err_qps=0.000
2026-07-06 09:18:17  INFO     [6/14] QRIF=.53 runtime=0.53
2026-07-06 09:18:26  INFO         warming up 15s at target=375 qps ...
2026-07-06 09:18:41  INFO         measuring target=375 qps workers=30 duration=240s
2026-07-06 09:22:45  INFO         p90=52600 p99=90000 usec (2xx only) | err=0.000% | err_qps=0.000
2026-07-06 09:22:45  INFO     [7/14] QRIF=.59 runtime=0.59
2026-07-06 09:22:54  INFO         warming up 15s at target=375 qps ...
2026-07-06 09:23:09  INFO         measuring target=375 qps workers=30 duration=240s
2026-07-06 09:27:13  INFO         p90=52300 p99=90700 usec (2xx only) | err=0.001% | err_qps=0.004
2026-07-06 09:27:13  INFO     [8/14] QRIF=.66 runtime=0.66
2026-07-06 09:27:22  INFO         warming up 15s at target=375 qps ...
2026-07-06 09:27:37  INFO         measuring target=375 qps workers=30 duration=240s
2026-07-06 09:31:41  INFO         p90=52300 p99=90400 usec (2xx only) | err=0.001% | err_qps=0.004
2026-07-06 09:31:41  INFO     [9/14] QRIF=.73 runtime=0.73
2026-07-06 09:31:50  INFO         warming up 15s at target=375 qps ...
2026-07-06 09:32:05  INFO         measuring target=375 qps workers=30 duration=240s
2026-07-06 09:36:09  INFO         p90=52500 p99=89800 usec (2xx only) | err=0.000% | err_qps=0.000
2026-07-06 09:36:09  INFO     [10/14] QRIF=.81 runtime=0.81
2026-07-06 09:36:18  INFO         warming up 15s at target=375 qps ...
2026-07-06 09:36:33  INFO         measuring target=375 qps workers=30 duration=240s
2026-07-06 09:40:37  INFO         p90=52300 p99=90300 usec (2xx only) | err=0.001% | err_qps=0.004
2026-07-06 09:40:37  INFO     [11/14] QRIF=.90 runtime=0.9
2026-07-06 09:40:46  INFO         warming up 15s at target=375 qps ...
2026-07-06 09:41:01  INFO         measuring target=375 qps workers=30 duration=240s
2026-07-06 09:45:05  INFO         p90=52300 p99=90300 usec (2xx only) | err=0.000% | err_qps=0.000
2026-07-06 09:45:05  INFO     [12/14] QRIF=.99 runtime=0.99
2026-07-06 09:45:14  INFO         warming up 15s at target=375 qps ...
2026-07-06 09:45:29  INFO         measuring target=375 qps workers=30 duration=240s
2026-07-06 09:49:33  INFO         p90=52400 p99=90200 usec (2xx only) | err=0.000% | err_qps=0.000
2026-07-06 09:49:33  INFO     [13/14] QRIF=.999 runtime=0.999
2026-07-06 09:49:42  INFO         warming up 15s at target=375 qps ...
2026-07-06 09:49:57  INFO         measuring target=375 qps workers=30 duration=240s
2026-07-06 09:54:01  INFO         p90=52700 p99=90400 usec (2xx only) | err=0.001% | err_qps=0.004
2026-07-06 09:54:01  INFO     [14/14] QRIF=1.0 runtime=1
2026-07-06 09:54:10  INFO         warming up 15s at target=375 qps ...
2026-07-06 09:54:25  INFO         measuring target=375 qps workers=30 duration=240s
2026-07-06 09:58:29  INFO         p90=52500 p99=90200 usec (2xx only) | err=0.001% | err_qps=0.004
2026-07-06 09:58:29  INFO     Restoring lb-prequal LB_QRIF=0.84 LB_PROBE_RATE=2.0
2026-07-06 09:58:37  INFO     plot -> /users/Mr_Gary/experiment3_results/run_20260706_085557/experiment3_rif_limit.png
2026-07-06 09:58:37  INFO     ======================================================================
2026-07-06 09:58:37  INFO     EXPERIMENT 3 DONE. Everything is under: /users/Mr_Gary/experiment3_results/run_20260706_085557
2026-07-06 09:58:37  INFO     ======================================================================
